<?xml version="1.0" encoding="UTF-8"?>
<!-- Generated by org.testng.reporters.JUnitReportReporter -->
<testsuite hostname="Deepa-123" failures="0" tests="3" name="DeepaLearnings.Tests.SubmitOrderTest" time="64.040" errors="0" timestamp="2024-12-10T15:44:30 IST" skipped="0">
  <testcase classname="DeepaLearnings.Tests.SubmitOrderTest" name="checkOrders" time="9.504"/>
  <testcase classname="DeepaLearnings.Tests.SubmitOrderTest" name="submitOrder" time="29.478"/>
  <testcase classname="DeepaLearnings.Tests.SubmitOrderTest" name="submitOrder" time="25.058"/>
</testsuite> <!-- DeepaLearnings.Tests.SubmitOrderTest -->
