<?xml version="1.0" encoding="UTF-8"?>
<!-- Generated by org.testng.reporters.JUnitReportReporter -->
<testsuite hostname="Deepa-123" failures="0" tests="3" name="DeepaLearnings_Tests.SubmitOrderTest" time="56.740" errors="0" timestamp="2024-12-09T16:19:30 IST" skipped="0">
  <testcase classname="DeepaLearnings_Tests.SubmitOrderTest" name="submitOrder" time="24.343"/>
  <testcase classname="DeepaLearnings_Tests.SubmitOrderTest" name="checkOrders" time="11.822"/>
  <testcase classname="DeepaLearnings_Tests.SubmitOrderTest" name="submitOrder" time="20.575"/>
</testsuite> <!-- DeepaLearnings_Tests.SubmitOrderTest -->
