<?xml version="1.0" encoding="UTF-8"?>
<!-- Generated by org.testng.reporters.JUnitReportReporter -->
<testsuite hostname="Deepa-123" failures="0" tests="1" name="DeepaLearnings.StandAloneTest" time="15.451" errors="0" timestamp="2024-11-28T13:36:09 IST" skipped="0">
  <testcase classname="DeepaLearnings.StandAloneTest" name="MyTest" time="15.451"/>
</testsuite> <!-- DeepaLearnings.StandAloneTest -->
